<?xml version="1.0" encoding="UTF-8"?>
<testng-results ignored="0" total="1" passed="1" failed="0" skipped="0">
  <reporter-output>
  </reporter-output>
  <suite started-at="2023-08-28T17:51:36 IST" name="Default suite" finished-at="2023-08-28T17:51:43 IST" duration-ms="7714">
    <groups>
    </groups>
    <test started-at="2023-08-28T17:51:36 IST" name="Default test" finished-at="2023-08-28T17:51:43 IST" duration-ms="7714">
      <class name="Assertions.CallMethods">
        <test-method is-config="true" signature="setup()[pri:0, instance:Assertions.CallMethods@659499f1]" started-at="2023-08-28T17:51:36 IST" name="setup" finished-at="2023-08-28T17:51:43 IST" duration-ms="7517" status="PASS">
          <reporter-output>
          </reporter-output>
        </test-method> <!-- setup -->
        <test-method signature="PrintMethod()[pri:0, instance:Assertions.CallMethods@659499f1]" started-at="2023-08-28T17:51:43 IST" name="PrintMethod" finished-at="2023-08-28T17:51:43 IST" duration-ms="170" status="PASS">
          <reporter-output>
          </reporter-output>
        </test-method> <!-- PrintMethod -->
      </class> <!-- Assertions.CallMethods -->
    </test> <!-- Default test -->
  </suite> <!-- Default suite -->
</testng-results>
